# JRE version: OpenJDK Runtime Environment (17.0.6) (build 17.0.6+0-b2043.56-9586694)
# Java VM: OpenJDK 64-Bit Server VM (17.0.6+0-b2043.56-9586694, mixed mode, tiered, compressed oops, compressed class ptrs, g1 gc, windows-amd64)
GC Precious Log:
 CPUs: 12 total, 12 available
 Memory: 16235M
 Large Page Support: Disabled
 NUMA Support: Disabled
 Compressed Oops: Enabled (32-bit)
 Heap Region Size: 1M
 Heap Min Capacity: 8M
 Heap Initial Capacity: 254M
 Heap Max Capacity: 2G
 Pre-touch: Disabled
 Parallel Workers: 10
 Concurrent Workers: 3
 Concurrent Refinement Workers: 10
 Periodic GC: Disabled
Heap:
 garbage-first heap   total 244736K, used 156529K [0x0000000080000000, 0x0000000100000000)
  region size 1024K, 17 young (17408K), 4 survivors (4096K)
 Metaspace       used 123357K, committed 124160K, reserved 1163264K
  class space    used 17077K, committed 17472K, reserved 1048576K
GC Heap History (20 events):
Event: 19.849 GC heap before
{Heap before GC invocations=32 (full 0):
 garbage-first heap   total 163840K, used 132321K [0x0000000080000000, 0x0000000100000000)
  region size 1024K, 35 young (35840K), 1 survivors (1024K)
 Metaspace       used 97481K, committed 98048K, reserved 1138688K
  class space    used 13294K, committed 13568K, reserved 1048576K
}
Event: 19.855 GC heap after
{Heap after GC invocations=33 (full 0):
 garbage-first heap   total 163840K, used 101601K [0x0000000080000000, 0x0000000100000000)
  region size 1024K, 4 young (4096K), 4 survivors (4096K)
 Metaspace       used 97481K, committed 98048K, reserved 1138688K
  class space    used 13294K, committed 13568K, reserved 1048576K
}
Event: 20.285 GC heap before
{Heap before GC invocations=34 (full 0):
 garbage-first heap   total 181248K, used 133345K [0x0000000080000000, 0x0000000100000000)
  region size 1024K, 36 young (36864K), 4 survivors (4096K)
 Metaspace       used 97672K, committed 98304K, reserved 1138688K
  class space    used 13295K, committed 13568K, reserved 1048576K
}
Event: 20.290 GC heap after
{Heap after GC invocations=35 (full 0):
 garbage-first heap   total 181248K, used 103613K [0x0000000080000000, 0x0000000100000000)
  region size 1024K, 3 young (3072K), 3 survivors (3072K)
 Metaspace       used 97672K, committed 98304K, reserved 1138688K
  class space    used 13295K, committed 13568K, reserved 1048576K
}
Event: 20.383 GC heap before
{Heap before GC invocations=35 (full 0):
 garbage-first heap   total 181248K, used 107709K [0x0000000080000000, 0x0000000100000000)
  region size 1024K, 8 young (8192K), 3 survivors (3072K)
 Metaspace       used 97799K, committed 98496K, reserved 1138688K
  class space    used 13317K, committed 13632K, reserved 1048576K
}
Event: 20.387 GC heap after
{Heap after GC invocations=36 (full 0):
 garbage-first heap   total 218112K, used 103855K [0x0000000080000000, 0x0000000100000000)
  region size 1024K, 1 young (1024K), 1 survivors (1024K)
 Metaspace       used 97799K, committed 98496K, reserved 1138688K
  class space    used 13317K, committed 13632K, reserved 1048576K
}
Event: 20.914 GC heap before
{Heap before GC invocations=36 (full 0):
 garbage-first heap   total 218112K, used 169391K [0x0000000080000000, 0x0000000100000000)
  region size 1024K, 66 young (67584K), 1 survivors (1024K)
 Metaspace       used 98278K, committed 98944K, reserved 1138688K
  class space    used 13350K, committed 13696K, reserved 1048576K
}
Event: 20.918 GC heap after
{Heap after GC invocations=37 (full 0):
 garbage-first heap   total 218112K, used 107649K [0x0000000080000000, 0x0000000100000000)
  region size 1024K, 5 young (5120K), 5 survivors (5120K)
 Metaspace       used 98278K, committed 98944K, reserved 1138688K
  class space    used 13350K, committed 13696K, reserved 1048576K
}
Event: 24.155 GC heap before
{Heap before GC invocations=37 (full 0):
 garbage-first heap   total 218112K, used 172161K [0x0000000080000000, 0x0000000100000000)
  region size 1024K, 69 young (70656K), 5 survivors (5120K)
 Metaspace       used 99211K, committed 99904K, reserved 1138688K
  class space    used 13502K, committed 13824K, reserved 1048576K
}
Event: 24.161 GC heap after
{Heap after GC invocations=38 (full 0):
 garbage-first heap   total 218112K, used 111683K [0x0000000080000000, 0x0000000100000000)
  region size 1024K, 8 young (8192K), 8 survivors (8192K)
 Metaspace       used 99211K, committed 99904K, reserved 1138688K
  class space    used 13502K, committed 13824K, reserved 1048576K
}
Event: 24.776 GC heap before
{Heap before GC invocations=38 (full 0):
 garbage-first heap   total 218112K, used 175171K [0x0000000080000000, 0x0000000100000000)
  region size 1024K, 71 young (72704K), 8 survivors (8192K)
 Metaspace       used 102606K, committed 103424K, reserved 1138688K
  class space    used 13917K, committed 14336K, reserved 1048576K
}
Event: 24.783 GC heap after
{Heap after GC invocations=39 (full 0):
 garbage-first heap   total 218112K, used 116915K [0x0000000080000000, 0x0000000100000000)
  region size 1024K, 9 young (9216K), 9 survivors (9216K)
 Metaspace       used 102606K, committed 103424K, reserved 1138688K
  class space    used 13917K, committed 14336K, reserved 1048576K
}
Event: 29.319 GC heap before
{Heap before GC invocations=39 (full 0):
 garbage-first heap   total 218112K, used 177331K [0x0000000080000000, 0x0000000100000000)
  region size 1024K, 69 young (70656K), 9 survivors (9216K)
 Metaspace       used 103901K, committed 104704K, reserved 1146880K
  class space    used 14135K, committed 14528K, reserved 1048576K
}
Event: 29.326 GC heap after
{Heap after GC invocations=40 (full 0):
 garbage-first heap   total 218112K, used 120405K [0x0000000080000000, 0x0000000100000000)
  region size 1024K, 4 young (4096K), 4 survivors (4096K)
 Metaspace       used 103901K, committed 104704K, reserved 1146880K
  class space    used 14135K, committed 14528K, reserved 1048576K
}
Event: 30.219 GC heap before
{Heap before GC invocations=40 (full 0):
 garbage-first heap   total 218112K, used 179797K [0x0000000080000000, 0x0000000100000000)
  region size 1024K, 63 young (64512K), 4 survivors (4096K)
 Metaspace       used 116227K, committed 117056K, reserved 1155072K
  class space    used 16010K, committed 16384K, reserved 1048576K
}
Event: 30.225 GC heap after
{Heap after GC invocations=41 (full 0):
 garbage-first heap   total 218112K, used 122748K [0x0000000080000000, 0x0000000100000000)
  region size 1024K, 6 young (6144K), 6 survivors (6144K)
 Metaspace       used 116227K, committed 117056K, reserved 1155072K
  class space    used 16010K, committed 16384K, reserved 1048576K
}
Event: 32.056 GC heap before
{Heap before GC invocations=41 (full 0):
 garbage-first heap   total 218112K, used 181116K [0x0000000080000000, 0x0000000100000000)
  region size 1024K, 64 young (65536K), 6 survivors (6144K)
 Metaspace       used 120784K, committed 121664K, reserved 1155072K
  class space    used 16735K, committed 17152K, reserved 1048576K
}
Event: 32.061 GC heap after
{Heap after GC invocations=42 (full 0):
 garbage-first heap   total 218112K, used 125162K [0x0000000080000000, 0x0000000100000000)
  region size 1024K, 6 young (6144K), 6 survivors (6144K)
 Metaspace       used 120784K, committed 121664K, reserved 1155072K
  class space    used 16735K, committed 17152K, reserved 1048576K
}
Event: 32.511 GC heap before
{Heap before GC invocations=42 (full 0):
 garbage-first heap   total 218112K, used 145642K [0x0000000080000000, 0x0000000100000000)
  region size 1024K, 12 young (12288K), 6 survivors (6144K)
 Metaspace       used 121613K, committed 122496K, reserved 1155072K
  class space    used 16859K, committed 17280K, reserved 1048576K
}
Event: 32.516 GC heap after
{Heap after GC invocations=43 (full 0):
 garbage-first heap   total 218112K, used 142193K [0x0000000080000000, 0x0000000100000000)
  region size 1024K, 4 young (4096K), 4 survivors (4096K)
 Metaspace       used 121613K, committed 122496K, reserved 1155072K
  class space    used 16859K, committed 17280K, reserved 1048576K
}

